c:\users\gk\desktop\code\code-learning\项目01\学生管理系统\学生管理系统\debug\vc142.pdb
c:\users\gk\desktop\code\code-learning\项目01\学生管理系统\学生管理系统\debug\vc142.idb
c:\users\gk\desktop\code\code-learning\项目01\学生管理系统\学生管理系统\debug\main.obj
c:\users\gk\desktop\code\code-learning\项目01\学生管理系统\学生管理系统\debug\list.obj
c:\users\gk\desktop\code\code-learning\项目01\学生管理系统\debug\学生管理系统.pdb
c:\users\gk\desktop\code\code-learning\项目01\学生管理系统\学生管理系统\debug\学生管理系统.tlog\cl.command.1.tlog
c:\users\gk\desktop\code\code-learning\项目01\学生管理系统\学生管理系统\debug\学生管理系统.tlog\cl.read.1.tlog
c:\users\gk\desktop\code\code-learning\项目01\学生管理系统\学生管理系统\debug\学生管理系统.tlog\cl.write.1.tlog
c:\users\gk\desktop\code\code-learning\项目01\学生管理系统\学生管理系统\debug\学生管理系统.tlog\link-cvtres.read.1.tlog
c:\users\gk\desktop\code\code-learning\项目01\学生管理系统\学生管理系统\debug\学生管理系统.tlog\link-cvtres.write.1.tlog
c:\users\gk\desktop\code\code-learning\项目01\学生管理系统\学生管理系统\debug\学生管理系统.tlog\link-rc.read.1.tlog
c:\users\gk\desktop\code\code-learning\项目01\学生管理系统\学生管理系统\debug\学生管理系统.tlog\link-rc.write.1.tlog
c:\users\gk\desktop\code\code-learning\项目01\学生管理系统\学生管理系统\debug\学生管理系统.tlog\link.23916-cvtres.read.1.tlog
c:\users\gk\desktop\code\code-learning\项目01\学生管理系统\学生管理系统\debug\学生管理系统.tlog\link.23916-cvtres.write.1.tlog
c:\users\gk\desktop\code\code-learning\项目01\学生管理系统\学生管理系统\debug\学生管理系统.tlog\link.23916-rc.read.1.tlog
c:\users\gk\desktop\code\code-learning\项目01\学生管理系统\学生管理系统\debug\学生管理系统.tlog\link.23916-rc.write.1.tlog
c:\users\gk\desktop\code\code-learning\项目01\学生管理系统\学生管理系统\debug\学生管理系统.tlog\link.23916.read.1.tlog
c:\users\gk\desktop\code\code-learning\项目01\学生管理系统\学生管理系统\debug\学生管理系统.tlog\link.23916.write.1.tlog
c:\users\gk\desktop\code\code-learning\项目01\学生管理系统\学生管理系统\debug\学生管理系统.tlog\link.command.1.tlog
c:\users\gk\desktop\code\code-learning\项目01\学生管理系统\学生管理系统\debug\学生管理系统.tlog\link.read.1.tlog
c:\users\gk\desktop\code\code-learning\项目01\学生管理系统\学生管理系统\debug\学生管理系统.tlog\link.write.1.tlog
