c:\users\gk\desktop\code\code-learning\day14\day14_作业代码\提高01\debug\vc142.pdb
c:\users\gk\desktop\code\code-learning\day14\day14_作业代码\提高01\debug\vc142.idb
c:\users\gk\desktop\code\code-learning\day14\day14_作业代码\提高01\debug\提高_01.obj
c:\users\gk\desktop\code\code-learning\day14\day14_作业代码\提高01\debug\01main.obj
c:\users\gk\desktop\code\code-learning\day14\day14_作业代码\debug\提高01.exe
c:\users\gk\desktop\code\code-learning\day14\day14_作业代码\debug\提高01.ilk
c:\users\gk\desktop\code\code-learning\day14\day14_作业代码\debug\提高01.pdb
c:\users\gk\desktop\code\code-learning\c部分笔记（day1~day20）\day14\day14_作业代码\提高01\debug\01main.obj
c:\users\gk\desktop\code\code-learning\c部分笔记（day1~day20）\day14\day14_作业代码\提高01\debug\提高_01.obj
c:\users\gk\desktop\code\code-learning\c部分笔记（day1~day20）\day14\day14_作业代码\提高01\debug\vc142.idb
c:\users\gk\desktop\code\code-learning\c部分笔记（day1~day20）\day14\day14_作业代码\提高01\debug\vc142.pdb
c:\users\gk\desktop\code\code-learning\c部分笔记（day1~day20）\day14\day14_作业代码\debug\提高01.pdb
c:\users\gk\desktop\code\code-learning\c部分笔记（day1~day20）\day14\day14_作业代码\debug\提高01.exe
c:\users\gk\desktop\code\code-learning\c部分笔记（day1~day20）\day14\day14_作业代码\debug\提高01.ilk
c:\users\gk\desktop\code\code-learning\c部分笔记（day1~day20）\day14\day14_作业代码\提高01\debug\提高01.tlog\cl.command.1.tlog
c:\users\gk\desktop\code\code-learning\c部分笔记（day1~day20）\day14\day14_作业代码\提高01\debug\提高01.tlog\cl.read.1.tlog
c:\users\gk\desktop\code\code-learning\c部分笔记（day1~day20）\day14\day14_作业代码\提高01\debug\提高01.tlog\cl.write.1.tlog
c:\users\gk\desktop\code\code-learning\c部分笔记（day1~day20）\day14\day14_作业代码\提高01\debug\提高01.tlog\link.command.1.tlog
c:\users\gk\desktop\code\code-learning\c部分笔记（day1~day20）\day14\day14_作业代码\提高01\debug\提高01.tlog\link.read.1.tlog
c:\users\gk\desktop\code\code-learning\c部分笔记（day1~day20）\day14\day14_作业代码\提高01\debug\提高01.tlog\link.write.1.tlog
