c:\users\gk\desktop\code\code-learning\day14\day14_作业代码\测试_02\debug\vc142.pdb
c:\users\gk\desktop\code\code-learning\day14\day14_作业代码\测试_02\debug\vc142.idb
c:\users\gk\desktop\code\code-learning\day14\day14_作业代码\测试_02\debug\测试_02.obj
c:\users\gk\desktop\code\code-learning\day14\day14_作业代码\测试_02\debug\02main.obj
c:\users\gk\desktop\code\code-learning\day14\day14_作业代码\debug\测试_02.exe
c:\users\gk\desktop\code\code-learning\day14\day14_作业代码\debug\测试_02.ilk
c:\users\gk\desktop\code\code-learning\day14\day14_作业代码\debug\测试_02.pdb
c:\users\gk\desktop\code\code-learning\c部分笔记（day1~day20）\day14\day14_作业代码\测试_02\debug\02main.obj
c:\users\gk\desktop\code\code-learning\c部分笔记（day1~day20）\day14\day14_作业代码\测试_02\debug\测试_02.obj
c:\users\gk\desktop\code\code-learning\c部分笔记（day1~day20）\day14\day14_作业代码\测试_02\debug\vc142.idb
c:\users\gk\desktop\code\code-learning\c部分笔记（day1~day20）\day14\day14_作业代码\测试_02\debug\vc142.pdb
c:\users\gk\desktop\code\code-learning\c部分笔记（day1~day20）\day14\day14_作业代码\debug\测试_02.pdb
c:\users\gk\desktop\code\code-learning\c部分笔记（day1~day20）\day14\day14_作业代码\debug\测试_02.exe
c:\users\gk\desktop\code\code-learning\c部分笔记（day1~day20）\day14\day14_作业代码\debug\测试_02.ilk
c:\users\gk\desktop\code\code-learning\c部分笔记（day1~day20）\day14\day14_作业代码\测试_02\debug\测试_02.tlog\cl.command.1.tlog
c:\users\gk\desktop\code\code-learning\c部分笔记（day1~day20）\day14\day14_作业代码\测试_02\debug\测试_02.tlog\cl.read.1.tlog
c:\users\gk\desktop\code\code-learning\c部分笔记（day1~day20）\day14\day14_作业代码\测试_02\debug\测试_02.tlog\cl.write.1.tlog
c:\users\gk\desktop\code\code-learning\c部分笔记（day1~day20）\day14\day14_作业代码\测试_02\debug\测试_02.tlog\link.command.1.tlog
c:\users\gk\desktop\code\code-learning\c部分笔记（day1~day20）\day14\day14_作业代码\测试_02\debug\测试_02.tlog\link.read.1.tlog
c:\users\gk\desktop\code\code-learning\c部分笔记（day1~day20）\day14\day14_作业代码\测试_02\debug\测试_02.tlog\link.write.1.tlog
