E:\CODE_30\DAY7\2.共用体\DEBUG\MAIN.OBJ
E:\CODE_30\DAY7\2.共用体\DEBUG\VC110.PDB
E:\CODE_30\DAY7\DEBUG\2.共用体.ILK
E:\CODE_30\DAY7\DEBUG\2.共用体.EXE
E:\CODE_30\DAY7\DEBUG\2.共用体.PDB
E:\CODE_30\day7\2.共用体\Debug\main.obj
E:\CODE_30\day7\2.共用体\Debug\cl.command.1.tlog
E:\CODE_30\day7\2.共用体\Debug\CL.read.1.tlog
E:\CODE_30\day7\2.共用体\Debug\CL.write.1.tlog
E:\CODE_30\day7\2.共用体\Debug\link-cvtres.read.1.tlog
E:\CODE_30\day7\2.共用体\Debug\link-cvtres.write.1.tlog
E:\CODE_30\day7\2.共用体\Debug\link-rc.read.1.tlog
E:\CODE_30\day7\2.共用体\Debug\link-rc.write.1.tlog
E:\CODE_30\day7\2.共用体\Debug\link.command.1.tlog
E:\CODE_30\day7\2.共用体\Debug\link.read.1.tlog
E:\CODE_30\day7\2.共用体\Debug\link.write.1.tlog
E:\CODE_30\day7\2.共用体\Debug\vc110.idb
E:\CODE_30\day7\2.共用体\Debug\vc110.pdb
E:\CODE_30\day7\Debug\2.共用体.pdb
E:\CODE_30\day7\Debug\2.共用体.exe
E:\CODE_30\day7\Debug\2.共用体.ilk
