  3.cpp
C:\Users\GK\Desktop\code\code-learning\day04\提高作业\3、\3.cpp(6,17): warning C4838: 从“int”转换到“char”需要收缩转换
C:\Users\GK\Desktop\code\code-learning\day04\提高作业\3、\3.cpp(6,59): warning C4305: “初始化”: 从“int”到“char”截断
C:\Users\GK\Desktop\code\code-learning\day04\提高作业\3、\3.cpp(6,17): warning C4309: “初始化”: 截断常量值
C:\Users\GK\Desktop\code\code-learning\day04\提高作业\3、\3.cpp(6,23): warning C4838: 从“int”转换到“char”需要收缩转换
C:\Users\GK\Desktop\code\code-learning\day04\提高作业\3、\3.cpp(6,23): warning C4309: “初始化”: 截断常量值
C:\Users\GK\Desktop\code\code-learning\day04\提高作业\3、\3.cpp(6,29): warning C4838: 从“int”转换到“char”需要收缩转换
C:\Users\GK\Desktop\code\code-learning\day04\提高作业\3、\3.cpp(6,29): warning C4309: “初始化”: 截断常量值
C:\Users\GK\Desktop\code\code-learning\day04\提高作业\3、\3.cpp(6,35): warning C4838: 从“int”转换到“char”需要收缩转换
C:\Users\GK\Desktop\code\code-learning\day04\提高作业\3、\3.cpp(6,35): warning C4309: “初始化”: 截断常量值
C:\Users\GK\Desktop\code\code-learning\day04\提高作业\3、\3.cpp(6,41): warning C4838: 从“int”转换到“char”需要收缩转换
C:\Users\GK\Desktop\code\code-learning\day04\提高作业\3、\3.cpp(6,41): warning C4309: “初始化”: 截断常量值
C:\Users\GK\Desktop\code\code-learning\day04\提高作业\3、\3.cpp(6,47): warning C4838: 从“int”转换到“char”需要收缩转换
C:\Users\GK\Desktop\code\code-learning\day04\提高作业\3、\3.cpp(6,47): warning C4309: “初始化”: 截断常量值
C:\Users\GK\Desktop\code\code-learning\day04\提高作业\3、\3.cpp(6,53): warning C4838: 从“int”转换到“char”需要收缩转换
C:\Users\GK\Desktop\code\code-learning\day04\提高作业\3、\3.cpp(6,53): warning C4309: “初始化”: 截断常量值
C:\Users\GK\Desktop\code\code-learning\day04\提高作业\3、\3.cpp(13,16): warning C4476: "printf": 格式说明符中的类型字段字符“\xe6”未知
C:\Users\GK\Desktop\code\code-learning\day04\提高作业\3、\3.cpp(13,51): warning C4474: printf: 格式字符串中传递的参数太多
C:\Users\GK\Desktop\code\code-learning\day04\提高作业\3、\3.cpp(13,51): message : 占位符和其参数预计 1 可变参数，但提供的却是 3 参数
C:\Users\GK\Desktop\code\code-learning\day04\提高作业\3、\3.cpp(14,16): warning C4476: "printf": 格式说明符中的类型字段字符“\xe6”未知
C:\Users\GK\Desktop\code\code-learning\day04\提高作业\3、\3.cpp(14,51): warning C4474: printf: 格式字符串中传递的参数太多
C:\Users\GK\Desktop\code\code-learning\day04\提高作业\3、\3.cpp(14,51): message : 占位符和其参数预计 1 可变参数，但提供的却是 3 参数
C:\Users\GK\Desktop\code\code-learning\day04\提高作业\3、\3.cpp(15,16): warning C4476: "printf": 格式说明符中的类型字段字符“\xe6”未知
C:\Users\GK\Desktop\code\code-learning\day04\提高作业\3、\3.cpp(15,51): warning C4474: printf: 格式字符串中传递的参数太多
C:\Users\GK\Desktop\code\code-learning\day04\提高作业\3、\3.cpp(15,51): message : 占位符和其参数预计 1 可变参数，但提供的却是 3 参数
C:\Users\GK\Desktop\code\code-learning\day04\提高作业\3、\3.cpp(16,16): warning C4476: "printf": 格式说明符中的类型字段字符“\xe6”未知
C:\Users\GK\Desktop\code\code-learning\day04\提高作业\3、\3.cpp(16,51): warning C4474: printf: 格式字符串中传递的参数太多
C:\Users\GK\Desktop\code\code-learning\day04\提高作业\3、\3.cpp(16,51): message : 占位符和其参数预计 1 可变参数，但提供的却是 3 参数
C:\Users\GK\Desktop\code\code-learning\day04\提高作业\3、\3.cpp(17,16): warning C4476: "printf": 格式说明符中的类型字段字符“\xe6”未知
C:\Users\GK\Desktop\code\code-learning\day04\提高作业\3、\3.cpp(17,51): warning C4474: printf: 格式字符串中传递的参数太多
C:\Users\GK\Desktop\code\code-learning\day04\提高作业\3、\3.cpp(17,51): message : 占位符和其参数预计 1 可变参数，但提供的却是 3 参数
C:\Users\GK\Desktop\code\code-learning\day04\提高作业\3、\3.cpp(18,16): warning C4476: "printf": 格式说明符中的类型字段字符“\xe6”未知
C:\Users\GK\Desktop\code\code-learning\day04\提高作业\3、\3.cpp(18,51): warning C4474: printf: 格式字符串中传递的参数太多
C:\Users\GK\Desktop\code\code-learning\day04\提高作业\3、\3.cpp(18,51): message : 占位符和其参数预计 1 可变参数，但提供的却是 3 参数
C:\Users\GK\Desktop\code\code-learning\day04\提高作业\3、\3.cpp(19,16): warning C4476: "printf": 格式说明符中的类型字段字符“\xe6”未知
C:\Users\GK\Desktop\code\code-learning\day04\提高作业\3、\3.cpp(19,51): warning C4474: printf: 格式字符串中传递的参数太多
C:\Users\GK\Desktop\code\code-learning\day04\提高作业\3、\3.cpp(19,51): message : 占位符和其参数预计 1 可变参数，但提供的却是 3 参数
C:\Users\GK\Desktop\code\code-learning\day04\提高作业\3、\3.cpp(9,6): warning C4101: “i”: 未引用的局部变量
  3、.vcxproj -> C:\Users\GK\Desktop\code\code-learning\day04\提高作业\Debug\3、.exe
